mode: set
go_oauth2_server/internal/config/config.go:18.21,30.2 3 0
go_oauth2_server/internal/config/config.go:32.46,33.42 1 0
go_oauth2_server/internal/config/config.go:33.42,35.3 1 0
go_oauth2_server/internal/config/config.go:36.2,36.21 1 0
go_oauth2_server/cmd/server/main.go:22.13,29.40 3 0
go_oauth2_server/cmd/server/main.go:29.40,31.3 1 0
go_oauth2_server/cmd/server/main.go:33.2,38.16 4 0
go_oauth2_server/cmd/server/main.go:38.16,41.3 2 0
go_oauth2_server/cmd/server/main.go:43.2,43.44 1 0
go_oauth2_server/cmd/server/main.go:43.44,46.3 2 0
go_oauth2_server/cmd/server/main.go:48.2,48.55 1 0
go_oauth2_server/cmd/server/main.go:48.55,51.3 2 0
go_oauth2_server/cmd/server/main.go:53.2,60.12 2 0
go_oauth2_server/cmd/server/main.go:60.12,62.87 2 0
go_oauth2_server/cmd/server/main.go:62.87,65.4 2 0
go_oauth2_server/cmd/server/main.go:68.2,75.49 6 0
go_oauth2_server/cmd/server/main.go:75.49,78.3 2 0
go_oauth2_server/cmd/server/main.go:80.2,80.25 1 0
go_oauth2_server/cmd/server/main.go:80.25,84.3 3 0
go_oauth2_server/cmd/server/main.go:86.2,86.41 1 0
go_oauth2_server/cmd/server/main.go:89.46,91.16 2 0
go_oauth2_server/cmd/server/main.go:91.16,93.3 1 0
go_oauth2_server/cmd/server/main.go:94.2,94.25 1 0
go_oauth2_server/cmd/server/main.go:94.25,96.3 1 0
go_oauth2_server/cmd/server/main.go:98.2,99.16 2 0
go_oauth2_server/cmd/server/main.go:99.16,101.3 1 0
go_oauth2_server/cmd/server/main.go:103.2,106.16 2 0
go_oauth2_server/cmd/server/main.go:106.16,108.3 1 0
go_oauth2_server/cmd/server/main.go:110.2,110.71 1 0
go_oauth2_server/cmd/server/main.go:110.71,112.3 1 0
go_oauth2_server/cmd/server/main.go:114.2,114.12 1 0
